API endpoint: http://localhost:8080
If you are using a library that supports the FIRESTORE_EMULATOR_HOST environment variable, run:

   export FIRESTORE_EMULATOR_HOST=localhost:8080

Dev App Server is now running.

Aug 30, 2020 6:11:17 PM io.gapi.emulators.netty.HttpVersionRoutingHandler channelRead
INFO: Detected non-HTTP/2 connection.
Aug 30, 2020 6:11:17 PM io.gapi.emulators.netty.HttpVersionRoutingHandler channelRead
INFO: Detected HTTP/2 connection.
Aug 30, 2020 6:11:18 PM io.gapi.emulators.netty.HttpVersionRoutingHandler channelRead
INFO: Detected non-HTTP/2 connection.
Aug 30, 2020 6:11:38 PM io.gapi.emulators.netty.HttpVersionRoutingHandler channelRead
INFO: Detected non-HTTP/2 connection.
Aug 30, 2020 6:16:05 PM io.gapi.emulators.netty.HttpVersionRoutingHandler channelRead
INFO: Detected non-HTTP/2 connection.
Aug 30, 2020 6:16:05 PM io.gapi.emulators.netty.HttpVersionRoutingHandler channelRead
INFO: Detected non-HTTP/2 connection.
Aug 30, 2020 6:16:05 PM io.gapi.emulators.netty.HttpVersionRoutingHandler channelRead
INFO: Detected non-HTTP/2 connection.
Aug 30, 2020 6:16:05 PM io.gapi.emulators.netty.HttpVersionRoutingHandler channelRead
INFO: Detected non-HTTP/2 connection.
Aug 30, 2020 6:16:05 PM io.gapi.emulators.netty.HttpVersionRoutingHandler channelRead
INFO: Detected non-HTTP/2 connection.
Aug 30, 2020 6:16:05 PM io.gapi.emulators.netty.HttpVersionRoutingHandler channelRead
INFO: Detected non-HTTP/2 connection.
Aug 30, 2020 6:16:06 PM com.google.cloud.datastore.emulator.impl.events.FunctionsEmulatorEventPublisher sendHttpRequest
WARNING: Unsuccessful HTTP response when publishing event for projects/ayakasa-53965/triggers/welcomeMail: 500 Internal Server Error
TypeError: Cannot destructure property `address` of 'undefined' or 'null'.
    at module.exports.functions.firestore.document.onWrite (/Users/pogah/Files/Poga Kuofie/Port/Web/ayakasa/code/functions/src/jobs/welcomeMail.js:10:55)
    at cloudFunction (/Users/pogah/Files/Poga Kuofie/Port/Web/ayakasa/code/functions/node_modules/firebase-functions/lib/cloud-functions.js:132:23)
    at runFunction (/usr/local/lib/node_modules/firebase-tools/lib/emulator/functionsEmulatorRuntime.js:563:20)
    at /usr/local/lib/node_modules/firebase-tools/lib/emulator/functionsEmulatorRuntime.js:548:19
    at Generator.next (<anonymous>)
    at /usr/local/lib/node_modules/firebase-tools/lib/emulator/functionsEmulatorRuntime.js:8:71
    at new Promise (<anonymous>)
    at __awaiter (/usr/local/lib/node_modules/firebase-tools/lib/emulator/functionsEmulatorRuntime.js:4:12)
    at runFunction (/usr/local/lib/node_modules/firebase-tools/lib/emulator/functionsEmulatorRuntime.js:545:12)
    at /usr/local/lib/node_modules/firebase-tools/lib/emulator/functionsEmulatorRuntime.js:562:15
Aug 30, 2020 6:16:17 PM io.gapi.emulators.netty.HttpVersionRoutingHandler channelRead
INFO: Detected non-HTTP/2 connection.
Aug 30, 2020 6:16:17 PM io.gapi.emulators.netty.HttpVersionRoutingHandler channelRead
INFO: Detected non-HTTP/2 connection.
Aug 30, 2020 6:16:17 PM io.gapi.emulators.netty.HttpVersionRoutingHandler channelRead
INFO: Detected non-HTTP/2 connection.
Aug 30, 2020 6:16:17 PM com.google.cloud.datastore.emulator.firestore.webchannel.FirestoreV1WebChannelAdapter$FirestoreWriteHandler onClose
INFO: channel closed
Aug 30, 2020 6:16:17 PM com.google.cloud.datastore.emulator.firestore.webchannel.FirestoreV1WebChannelAdapter$FirestoreListenHandler onClose
INFO: channel closed
*** shutting down gRPC server since JVM is shutting down
*** server shut down
